Arguments: 
  C:\Program Files\nodejs\node.exe C:\Program Files (x86)\Yarn\bin\yarn.js add --dev react-app-polyfill

PATH: 
  C:\WINDOWS\system32;C:\WINDOWS;C:\WINDOWS\System32\Wbem;C:\WINDOWS\System32\WindowsPowerShell\v1.0\;C:\Program Files\Git\cmd;C:\Program Files\nodejs\;C:\WINDOWS\System32\OpenSSH\;C:\Program Files (x86)\Yarn\bin\;C:\Program Files (x86)\Intel\Intel(R) Management Engine Components\DAL;C:\Program Files\Intel\Intel(R) Management Engine Components\DAL;C:\Program Files\PuTTY\;C:\ProgramData\chocolatey\bin;C:\Program Files\dotnet\;C:\Program Files\Microsoft SQL Server\130\Tools\Binn\;C:\Program Files\Microsoft SQL Server\Client SDK\ODBC\170\Tools\Binn\;C:\Program Files\Microsoft SQL Server\Client SDK\ODBC\110\Tools\Binn\;C:\Program Files (x86)\Microsoft SQL Server\120\Tools\Binn\;C:\Program Files\Microsoft SQL Server\120\Tools\Binn\;C:\Program Files\Microsoft SQL Server\120\DTS\Binn\;C:\Program Files (x86)\Microsoft SQL Server\Client SDK\ODBC\130\Tools\Binn\;C:\Program Files (x86)\Microsoft SQL Server\130\Tools\Binn\;C:\Program Files (x86)\Microsoft SQL Server\130\DTS\Binn\;C:\Program Files (x86)\Microsoft SQL Server\130\Tools\Binn\ManagementStudio\;C:\Users\Josue\AppData\Local\Microsoft\WindowsApps;;C:\Users\Josue\AppData\Local\Programs\Microsoft VS Code\bin;C:\Users\Josue\AppData\Local\Pandoc\;C:\Users\Josue\AppData\Roaming\npm;C:\Users\Josue\AppData\Local\Yarn\bin;C:\Program Files\heroku\bin;C:\Users\Josue\.dotnet\tools

Yarn version: 
  1.17.3

Node version: 
  10.16.0

Platform: 
  win32 x64

Trace: 
  Error: https://registry.yarnpkg.com/date-fns/-/date-fns-2.14.0.tgz: ESOCKETTIMEDOUT
      at ClientRequest.<anonymous> (C:\Program Files (x86)\Yarn\lib\cli.js:141091:19)
      at Object.onceWrapper (events.js:286:20)
      at ClientRequest.emit (events.js:198:13)
      at TLSSocket.emitRequestTimeout (_http_client.js:662:40)
      at Object.onceWrapper (events.js:286:20)
      at TLSSocket.emit (events.js:198:13)
      at TLSSocket.Socket._onTimeout (net.js:442:8)
      at ontimeout (timers.js:436:11)
      at tryOnTimeout (timers.js:300:5)
      at listOnTimeout (timers.js:263:5)

npm manifest: 
  {
    "name": "ClinicaFront",
    "version": "1.0.0",
    "description": "",
    "main": "index.js",
    "scripts": {
      "test": "echo \"Error: no test specified\" && exit 1",
      "start": "webpack-dev-server --history-api-fallback"
    },
    "keywords": [],
    "author": "",
    "license": "ISC",
    "dependencies": {
      "@babel/cli": "^7.8.4",
      "@babel/core": "^7.8.7",
      "@babel/plugin-proposal-class-properties": "^7.8.3",
      "@babel/plugin-transform-runtime": "^7.9.0",
      "@babel/preset-env": "^7.8.7",
      "@babel/preset-react": "^7.8.3",
      "@date-io/date-fns": "^1.3.13",
      "@material-ui/core": "^4.9.11",
      "@material-ui/icons": "^4.9.1",
      "@material-ui/lab": "^4.0.0-alpha.51",
      "@material-ui/pickers": "^3.2.10",
      "@material-ui/styles": "^4.9.13",
      "axios": "^0.19.2",
      "babel-loader": "^8.0.6",
      "date-fns": "^2.12.0",
      "html-webpack-plugin": "^3.2.0",
      "react": "^16.13.0",
      "react-dom": "^16.13.0",
      "react-router": "^5.1.2",
      "react-router-dom": "^5.1.2",
      "webpack": "^4.42.0",
      "webpack-cli": "^3.3.11",
      "webpack-dev-server": "^3.10.3"
    },
    "devDependencies": {
      "clean-webpack-plugin": "^3.0.0",
      "css-loader": "^3.4.2",
      "file-loader": "^6.0.0",
      "node-sass": "^4.13.1",
      "sass-loader": "^8.0.2",
      "style-loader": "^1.1.3",
      "url-loader": "^4.1.0"
    }
  }

yarn manifest: 
  No manifest

Lockfile: 
  No lockfile
